nohup: ignoring input
Loading YOLOv8 model...
Model loaded successfully!
==================================================
AI Backend Server Starting...
Supported classes: 80
Korean vocab mappings: 80
Romanization mappings: 80
==================================================
 * Serving Flask app 'app'
 * Debug mode: on
WARNING: This is a development server. Do not use it in a production deployment. Use a production WSGI server instead.
 * Running on all addresses (0.0.0.0)
 * Running on http://127.0.0.1:5001
 * Running on http://172.16.2.121:5001
Press CTRL+C to quit
 * Restarting with stat
 * Debugger is active!
 * Debugger PIN: 522-820-957
127.0.0.1 - - [13/Feb/2026 22:06:35] "GET /health HTTP/1.1" 200 -
Loading YOLOv8 model...
Model loaded successfully!
==================================================
AI Backend Server Starting...
Supported classes: 80
Korean vocab mappings: 80
Romanization mappings: 80
==================================================

0: 480x640 (no detections), 51.6ms
Speed: 2.1ms preprocess, 51.6ms inference, 0.5ms postprocess per image at shape (1, 3, 480, 640)
127.0.0.1 - - [13/Feb/2026 22:06:40] "POST /detect HTTP/1.1" 200 -

0: 640x480 3 persons, 1 bus, 47.6ms
Speed: 1.9ms preprocess, 47.6ms inference, 0.7ms postprocess per image at shape (1, 3, 640, 480)
127.0.0.1 - - [13/Feb/2026 22:06:43] "POST /detect HTTP/1.1" 200 -
 * Detected change in '/home/ngocduy/capstone1 /HANGUL /korean-topik-learning-app/ai-backend/app.py', reloading
 * Restarting with stat
 * Debugger is active!
 * Debugger PIN: 522-820-957
 * Detected change in '/home/ngocduy/capstone1 /HANGUL /korean-topik-learning-app/ai-backend/app.py', reloading
Loading YOLOv8 model...
Model loaded successfully!
==================================================
AI Backend Server Starting...
Supported classes: 80
Korean vocab mappings: 80
Romanization mappings: 80
==================================================
 * Restarting with stat
Loading YOLOv8 model...
Model loaded successfully!
==================================================
AI Backend Server Starting...
Supported classes: 80
Traceback (most recent call last):
  File "/home/ngocduy/capstone1 /HANGUL /korean-topik-learning-app/ai-backend/app.py", line 176, in <module>
    print("Korean vocab mappings:", len(vocab_map))
                                        ^^^^^^^^^
NameError: name 'vocab_map' is not defined. Did you mean: 'vocab_map_old'?
